-------------------------------------------------------------------------------
Test set: be.pxl.paj.museum.MuseumApplicationTests
-------------------------------------------------------------------------------
Tests run: 1, Failures: 0, Errors: 1, Skipped: 0, Time elapsed: 3.422 s <<< FAILURE! - in be.pxl.paj.museum.MuseumApplicationTests
contextLoads  Time elapsed: 0.001 s  <<< ERROR!
java.lang.IllegalStateException: Failed to load ApplicationContext
Caused by: org.springframework.beans.factory.UnsatisfiedDependencyException: Error creating bean with name 'museumController' defined in file [/home/sven/school/JavaAdv2/examen/PAJ_examen_2021_zit1/PAJ_examen_2021_zit1-master/target/classes/be/pxl/paj/museum/api/MuseumController.class]: Unsatisfied dependency expressed through constructor parameter 0; nested exception is org.springframework.beans.factory.UnsatisfiedDependencyException: Error creating bean with name 'museumServiceImpl' defined in file [/home/sven/school/JavaAdv2/examen/PAJ_examen_2021_zit1/PAJ_examen_2021_zit1-master/target/classes/be/pxl/paj/museum/service/impl/MuseumServiceImpl.class]: Unsatisfied dependency expressed through constructor parameter 0; nested exception is org.springframework.beans.factory.BeanCreationException: Error creating bean with name 'artworkRepository' defined in be.pxl.paj.museum.repository.ArtworkRepository defined in @EnableJpaRepositories declared on JpaRepositoriesRegistrar.EnableJpaRepositoriesConfiguration: Invocation of init method failed; nested exception is java.lang.IllegalArgumentException: Not a managed type: class be.pxl.paj.museum.domain.Artwork
Caused by: org.springframework.beans.factory.UnsatisfiedDependencyException: Error creating bean with name 'museumServiceImpl' defined in file [/home/sven/school/JavaAdv2/examen/PAJ_examen_2021_zit1/PAJ_examen_2021_zit1-master/target/classes/be/pxl/paj/museum/service/impl/MuseumServiceImpl.class]: Unsatisfied dependency expressed through constructor parameter 0; nested exception is org.springframework.beans.factory.BeanCreationException: Error creating bean with name 'artworkRepository' defined in be.pxl.paj.museum.repository.ArtworkRepository defined in @EnableJpaRepositories declared on JpaRepositoriesRegistrar.EnableJpaRepositoriesConfiguration: Invocation of init method failed; nested exception is java.lang.IllegalArgumentException: Not a managed type: class be.pxl.paj.museum.domain.Artwork
Caused by: org.springframework.beans.factory.BeanCreationException: Error creating bean with name 'artworkRepository' defined in be.pxl.paj.museum.repository.ArtworkRepository defined in @EnableJpaRepositories declared on JpaRepositoriesRegistrar.EnableJpaRepositoriesConfiguration: Invocation of init method failed; nested exception is java.lang.IllegalArgumentException: Not a managed type: class be.pxl.paj.museum.domain.Artwork
Caused by: java.lang.IllegalArgumentException: Not a managed type: class be.pxl.paj.museum.domain.Artwork

